<?xml version="1.0" encoding="UTF-8"?>
<!-- Generated by org.testng.reporters.JUnitReportReporter -->
<testsuite name="com.test.automation.UiAutomation.homepage.TC001_VerifyLoginWithInvalidCredentials" tests="1" time="4.710" ignored="0" failures="0" timestamp="18 Mar 2018 06:09:50 GMT" skipped="0" hostname="Rakesh-PC" errors="0">
  <testcase name="verifyloginwithinvalidcredentials" time="4.710" classname="com.test.automation.UiAutomation.homepage.TC001_VerifyLoginWithInvalidCredentials"/>
</testsuite> <!-- com.test.automation.UiAutomation.homepage.TC001_VerifyLoginWithInvalidCredentials -->
