<?xml version="1.0" encoding="UTF-8"?>
<!-- Generated by org.testng.reporters.JUnitReportReporter -->
<testsuite name="com.test.automation.UiAutomation.homepage.TC002_RegisterNewUser" tests="1" time="21.300" ignored="0" failures="0" timestamp="18 Mar 2018 07:54:46 GMT" skipped="0" hostname="Rakesh-PC" errors="0">
  <testcase name="RegisterNewUser" time="21.300" classname="com.test.automation.UiAutomation.homepage.TC002_RegisterNewUser"/>
</testsuite> <!-- com.test.automation.UiAutomation.homepage.TC002_RegisterNewUser -->
